{"numFailedTestSuites":0,"numFailedTests":0,"numPassedTestSuites":1,"numPassedTests":1,"numPendingTestSuites":0,"numPendingTests":0,"numRuntimeErrorTestSuites":0,"numTodoTests":0,"numTotalTestSuites":1,"numTotalTests":1,"openHandles":[],"snapshot":{"added":0,"didUpdate":false,"failure":false,"filesAdded":0,"filesRemoved":0,"filesRemovedList":[],"filesUnmatched":0,"filesUpdated":0,"matched":0,"total":0,"unchecked":0,"uncheckedKeysByFile":[],"unmatched":0,"updated":0},"startTime":1610224903106,"success":true,"testResults":[{"assertionResults":[{"ancestorTitles":["HelloWorld.vue"],"failureMessages":[],"fullName":"HelloWorld.vue renders props.msg when passed","location":null,"status":"passed","title":"renders props.msg when passed"}],"endTime":1610224904656,"message":"","name":"C:\\Users\\RCP-Developer\\Documents\\jj\\tests\\unit\\example.spec.js","startTime":1610224903754,"status":"passed","summary":""}],"wasInterrupted":false,"coverageMap":{}}